<?xml version="1.0" encoding="UTF-8"?>
<testng-results ignored="0" total="2" passed="2" failed="0" skipped="0">
  <reporter-output>
  </reporter-output>
  <suite started-at="2026-05-23T17:50:49 IST" name="GridSuite" finished-at="2026-05-23T17:51:30 IST" duration-ms="41037">
    <groups>
    </groups>
    <test started-at="2026-05-23T17:50:49 IST" name="Chrome Test" finished-at="2026-05-23T17:51:28 IST" duration-ms="39439">
      <class name="Day2.Grid_Test">
        <test-method signature="launchBrowser(java.lang.String)[pri:0, instance:Day2.Grid_Test@192d43ce]" started-at="2026-05-23T17:50:49 IST" name="launchBrowser" finished-at="2026-05-23T17:51:28 IST" duration-ms="39099" status="PASS">
          <params>
            <param index="0">
              <value>
                <![CDATA[chrome]]>
              </value>
            </param>
          </params>
          <reporter-output>
          </reporter-output>
        </test-method> <!-- launchBrowser -->
      </class> <!-- Day2.Grid_Test -->
    </test> <!-- Chrome Test -->
    <test started-at="2026-05-23T17:50:49 IST" name="Edge Test" finished-at="2026-05-23T17:51:30 IST" duration-ms="41037">
      <class name="Day2.Grid_Test">
        <test-method signature="launchBrowser(java.lang.String)[pri:0, instance:Day2.Grid_Test@8f4ea7c]" started-at="2026-05-23T17:50:49 IST" name="launchBrowser" finished-at="2026-05-23T17:51:30 IST" duration-ms="40729" status="PASS">
          <params>
            <param index="0">
              <value>
                <![CDATA[edge]]>
              </value>
            </param>
          </params>
          <reporter-output>
          </reporter-output>
        </test-method> <!-- launchBrowser -->
      </class> <!-- Day2.Grid_Test -->
    </test> <!-- Edge Test -->
  </suite> <!-- GridSuite -->
</testng-results>
