<?xml version="1.0" encoding="UTF-8"?>
<testng-results ignored="0" total="1" passed="1" failed="0" skipped="0">
  <reporter-output>
  </reporter-output>
  <suite started-at="2026-05-19T12:44:03 IST" name="Default suite" finished-at="2026-05-19T12:44:19 IST" duration-ms="16054">
    <groups>
    </groups>
    <test started-at="2026-05-19T12:44:03 IST" name="Default test" finished-at="2026-05-19T12:44:19 IST" duration-ms="16054">
      <class name="SelTestng.Sauce_Demo">
        <test-method is-config="true" signature="setup()[pri:0, instance:SelTestng.Sauce_Demo@56620197]" started-at="2026-05-19T12:44:04 IST" name="setup" finished-at="2026-05-19T12:44:16 IST" duration-ms="12575" status="PASS">
          <reporter-output>
          </reporter-output>
        </test-method> <!-- setup -->
        <test-method signature="loginTest()[pri:0, instance:SelTestng.Sauce_Demo@56620197]" started-at="2026-05-19T12:44:16 IST" name="loginTest" finished-at="2026-05-19T12:44:19 IST" duration-ms="3095" status="PASS">
          <reporter-output>
          </reporter-output>
        </test-method> <!-- loginTest -->
        <test-method is-config="true" signature="closeBrowser()[pri:0, instance:SelTestng.Sauce_Demo@56620197]" started-at="2026-05-19T12:44:19 IST" name="closeBrowser" finished-at="2026-05-19T12:44:19 IST" duration-ms="2" status="PASS">
          <reporter-output>
          </reporter-output>
        </test-method> <!-- closeBrowser -->
      </class> <!-- SelTestng.Sauce_Demo -->
    </test> <!-- Default test -->
  </suite> <!-- Default suite -->
</testng-results>
