<?xml version="1.0" encoding="UTF-8"?>
<!-- Generated by org.testng.reporters.JUnitXMLReporter -->
<testsuite ignored="0" hostname="DESKTOP-PDB0BC1" failures="1" tests="1" name="CSVTest" time="0.361" errors="0" timestamp="2026-06-05T16:02:01 IST">
  <testcase classname="test.LoginTest" name="loginTest" time="0.0">
    <failure type="java.lang.RuntimeException" message="java.lang.ArrayIndexOutOfBoundsException: Index 1 out of bounds for length 1">
      <![CDATA[java.lang.RuntimeException: java.lang.ArrayIndexOutOfBoundsException: Index 1 out of bounds for length 1
at java.base/java.util.ArrayList.forEach(ArrayList.java:1604)
Caused by: java.lang.ArrayIndexOutOfBoundsException: Index 1 out of bounds for length 1
at util.CSVReaderUtil.getCSVData(CSVReaderUtil.java:26)
at util.DataProviderClass.getData(DataProviderClass.java:9)
... 25 more
... Removed 30 stack frames]]>
    </failure>
  </testcase> <!-- loginTest -->
</testsuite> <!-- CSVTest -->
