<?xml version="1.0" encoding="UTF-8"?>
<!-- Generated by org.testng.reporters.JUnitXMLReporter -->
<testsuite ignored="0" hostname="DESKTOP-PDB0BC1" failures="1" tests="1" name="Test" time="0.348" errors="0" timestamp="2026-06-05T15:54:52 IST">
  <testcase classname="test.LoginTest" name="test" time="0.0">
    <failure type="java.lang.RuntimeException" message="java.lang.RuntimeException: CSV row 1 me 2 columns nahi hain.">
      <![CDATA[java.lang.RuntimeException: java.lang.RuntimeException: CSV row 1 me 2 columns nahi hain.
at java.base/java.util.ArrayList.forEach(ArrayList.java:1604)
Caused by: java.lang.RuntimeException: CSV row 1 me 2 columns nahi hain.
at util.CSVReaderUtil.getData(CSVReaderUtil.java:32)
at util.DataProviderClass.loginData(DataProviderClass.java:9)
... 25 more
... Removed 30 stack frames]]>
    </failure>
  </testcase> <!-- test -->
</testsuite> <!-- Test -->
