<?xml version="1.0" encoding="UTF-8"?>
<testng-results ignored="0" total="2" passed="2" failed="0" skipped="0">
  <reporter-output>
  </reporter-output>
  <suite started-at="2026-06-05T17:34:52 IST" name="OrangeHRM Suite" finished-at="2026-06-05T17:35:40 IST" duration-ms="47953">
    <groups>
    </groups>
    <test started-at="2026-06-05T17:34:52 IST" name="JSON Test" finished-at="2026-06-05T17:35:20 IST" duration-ms="27800">
      <class name="tests.LoginTestJSON">
        <test-method is-config="true" signature="setup()[pri:0, instance:tests.LoginTestJSON@55b7a4e0]" started-at="2026-06-05T17:34:52 IST" name="setup" finished-at="2026-06-05T17:35:07 IST" duration-ms="14417" status="PASS">
          <reporter-output>
          </reporter-output>
        </test-method> <!-- setup -->
        <test-method signature="loginTestJSON()[pri:0, instance:tests.LoginTestJSON@55b7a4e0]" started-at="2026-06-05T17:35:07 IST" name="loginTestJSON" finished-at="2026-06-05T17:35:19 IST" duration-ms="12625" status="PASS">
          <reporter-output>
          </reporter-output>
        </test-method> <!-- loginTestJSON -->
        <test-method is-config="true" signature="tearDown()[pri:0, instance:tests.LoginTestJSON@55b7a4e0]" started-at="2026-06-05T17:35:19 IST" name="tearDown" finished-at="2026-06-05T17:35:20 IST" duration-ms="555" status="PASS">
          <reporter-output>
          </reporter-output>
        </test-method> <!-- tearDown -->
      </class> <!-- tests.LoginTestJSON -->
    </test> <!-- JSON Test -->
    <test started-at="2026-06-05T17:35:20 IST" name="CSV Test" finished-at="2026-06-05T17:35:40 IST" duration-ms="19878">
      <class name="tests.LoginTestCSV">
        <test-method is-config="true" signature="setup()[pri:0, instance:tests.LoginTestCSV@4ec4f3a0]" started-at="2026-06-05T17:35:20 IST" name="setup" finished-at="2026-06-05T17:35:25 IST" duration-ms="4593" status="PASS">
          <reporter-output>
          </reporter-output>
        </test-method> <!-- setup -->
        <test-method signature="loginTestCSV()[pri:0, instance:tests.LoginTestCSV@4ec4f3a0]" started-at="2026-06-05T17:35:25 IST" name="loginTestCSV" finished-at="2026-06-05T17:35:39 IST" duration-ms="14189" status="PASS">
          <reporter-output>
          </reporter-output>
        </test-method> <!-- loginTestCSV -->
        <test-method is-config="true" signature="tearDown()[pri:0, instance:tests.LoginTestCSV@4ec4f3a0]" started-at="2026-06-05T17:35:39 IST" name="tearDown" finished-at="2026-06-05T17:35:40 IST" duration-ms="1064" status="PASS">
          <reporter-output>
          </reporter-output>
        </test-method> <!-- tearDown -->
      </class> <!-- tests.LoginTestCSV -->
    </test> <!-- CSV Test -->
  </suite> <!-- OrangeHRM Suite -->
</testng-results>
