<?xml version="1.0" encoding="UTF-8"?>
<!-- Generated by org.testng.reporters.JUnitReportReporter -->
<testsuite hostname="DESKTOP-PDB0BC1" failures="0" tests="3" name="Day25_Assignment.SmokeRegressionTest" time="0.037" errors="0" timestamp="2026-05-23T09:32:57 IST" skipped="0">
  <testcase classname="Day25_Assignment.SmokeRegressionTest" name="addToCartTest" time="0.030"/>
  <testcase classname="Day25_Assignment.SmokeRegressionTest" name="loginTest" time="0.004"/>
  <testcase classname="Day25_Assignment.SmokeRegressionTest" name="checkoutTest" time="0.003"/>
</testsuite> <!-- Day25_Assignment.SmokeRegressionTest -->
