<?xml version="1.0" encoding="UTF-8"?>
<!-- Generated by org.testng.reporters.JUnitReportReporter -->
<testsuite hostname="DESKTOP-PDB0BC1" failures="0" tests="5" name="SelTestng.Sauce_demo" time="127.425" errors="0" timestamp="2026-05-19T16:26:05 IST" skipped="0">
  <testcase classname="SelTestng.Sauce_demo" name="verifyLoginPageTitle" time="18.159"/>
  <testcase classname="SelTestng.Sauce_demo" name="loginTest" time="22.345"/>
  <testcase classname="SelTestng.Sauce_demo" name="verifyProductPage" time="23.988"/>
  <testcase classname="SelTestng.Sauce_demo" name="addToCartTest" time="24.637"/>
  <testcase classname="SelTestng.Sauce_demo" name="checkoutTest" time="38.296"/>
</testsuite> <!-- SelTestng.Sauce_demo -->
