<?xml version="1.0" encoding="UTF-8"?>
<!-- Generated by org.testng.reporters.JUnitReportReporter -->
<testsuite hostname="DESKTOP-PDB0BC1" failures="0" tests="3" name="SelTestng.Para_Bank" time="66.721" errors="0" timestamp="2026-05-19T17:45:20 IST" skipped="0">
  <testcase classname="SelTestng.Para_Bank" name="verifyTitle" time="12.378"/>
  <testcase classname="SelTestng.Para_Bank" name="loginTest" time="20.549"/>
  <testcase classname="SelTestng.Para_Bank" name="transferFundTest" time="33.794"/>
</testsuite> <!-- SelTestng.Para_Bank -->
