<?xml version="1.0" encoding="UTF-8"?>
<!-- Generated by org.testng.reporters.JUnitReportReporter -->
<testsuite hostname="DESKTOP-PDB0BC1" failures="0" tests="3" name="Day25_Assignment.Multiple_login" time="22.024" errors="0" timestamp="2026-05-22T18:10:32 IST" skipped="0">
  <testcase classname="Day25_Assignment.Multiple_login" name="loginTest" time="6.728"/>
  <testcase classname="Day25_Assignment.Multiple_login" name="loginTest" time="6.607"/>
  <testcase classname="Day25_Assignment.Multiple_login" name="loginTest" time="8.689"/>
</testsuite> <!-- Day25_Assignment.Multiple_login -->
